============================= test session starts ==============================
platform linux -- Python 3.12.3, pytest-9.0.2, pluggy-1.6.0
rootdir: /app/hotel-booking/backend
collected 1 item / 6 errors

==================================== ERRORS ====================================
______________ ERROR collecting tests/test_booking_integration.py ______________
ImportError while importing test module '/app/hotel-booking/backend/tests/test_booking_integration.py'.
Hint: make sure your test modules/packages have valid Python names.
Traceback:
/usr/lib/python3.12/importlib/__init__.py:90: in import_module
    return _bootstrap._gcd_import(name[level:], package, level)
           ^^^^^^^^^^^^^^^^^^^^^^^^^^^^^^^^^^^^^^^^^^^^^^^^^^^^
tests/test_booking_integration.py:3: in <module>
    from app.models.booking import BookingStatus
app/models/__init__.py:1: in <module>
    from .base import Base
app/models/base.py:3: in <module>
    from sqlalchemy.ext.declarative import as_declarative, declared_attr
E   ModuleNotFoundError: No module named 'sqlalchemy'
__________________ ERROR collecting tests/test_commission.py ___________________
ImportError while importing test module '/app/hotel-booking/backend/tests/test_commission.py'.
Hint: make sure your test modules/packages have valid Python names.
Traceback:
/usr/lib/python3.12/importlib/__init__.py:90: in import_module
    return _bootstrap._gcd_import(name[level:], package, level)
           ^^^^^^^^^^^^^^^^^^^^^^^^^^^^^^^^^^^^^^^^^^^^^^^^^^^^
tests/test_commission.py:1: in <module>
    from app.services.commission import commission_service
app/services/commission.py:1: in <module>
    from sqlalchemy.orm import Session
E   ModuleNotFoundError: No module named 'sqlalchemy'
________________ ERROR collecting tests/test_inventory_logic.py ________________
ImportError while importing test module '/app/hotel-booking/backend/tests/test_inventory_logic.py'.
Hint: make sure your test modules/packages have valid Python names.
Traceback:
/usr/lib/python3.12/importlib/__init__.py:90: in import_module
    return _bootstrap._gcd_import(name[level:], package, level)
           ^^^^^^^^^^^^^^^^^^^^^^^^^^^^^^^^^^^^^^^^^^^^^^^^^^^^
tests/test_inventory_logic.py:3: in <module>
    from app.services.inventory import InventoryService
app/services/inventory.py:1: in <module>
    from sqlalchemy.orm import Session
E   ModuleNotFoundError: No module named 'sqlalchemy'
_____________ ERROR collecting tests/test_masterpiece_features.py ______________
ImportError while importing test module '/app/hotel-booking/backend/tests/test_masterpiece_features.py'.
Hint: make sure your test modules/packages have valid Python names.
Traceback:
/usr/lib/python3.12/importlib/__init__.py:90: in import_module
    return _bootstrap._gcd_import(name[level:], package, level)
           ^^^^^^^^^^^^^^^^^^^^^^^^^^^^^^^^^^^^^^^^^^^^^^^^^^^^
tests/test_masterpiece_features.py:2: in <module>
    from app.services.fraud import fraud_check_service
app/services/fraud.py:1: in <module>
    from app.models.user import User
app/models/__init__.py:1: in <module>
    from .base import Base
app/models/base.py:3: in <module>
    from sqlalchemy.ext.declarative import as_declarative, declared_attr
E   ModuleNotFoundError: No module named 'sqlalchemy'
________________ ERROR collecting tests/test_recommendations.py ________________
ImportError while importing test module '/app/hotel-booking/backend/tests/test_recommendations.py'.
Hint: make sure your test modules/packages have valid Python names.
Traceback:
/usr/lib/python3.12/importlib/__init__.py:90: in import_module
    return _bootstrap._gcd_import(name[level:], package, level)
           ^^^^^^^^^^^^^^^^^^^^^^^^^^^^^^^^^^^^^^^^^^^^^^^^^^^^
tests/test_recommendations.py:1: in <module>
    from app.services.recommendations import recommendation_service
app/services/recommendations.py:1: in <module>
    from sqlalchemy.orm import Session
E   ModuleNotFoundError: No module named 'sqlalchemy'
___________________ ERROR collecting tests/test_services.py ____________________
ImportError while importing test module '/app/hotel-booking/backend/tests/test_services.py'.
Hint: make sure your test modules/packages have valid Python names.
Traceback:
/usr/lib/python3.12/importlib/__init__.py:90: in import_module
    return _bootstrap._gcd_import(name[level:], package, level)
           ^^^^^^^^^^^^^^^^^^^^^^^^^^^^^^^^^^^^^^^^^^^^^^^^^^^^
tests/test_services.py:2: in <module>
    from app.services.commission import commission_service
app/services/commission.py:1: in <module>
    from sqlalchemy.orm import Session
E   ModuleNotFoundError: No module named 'sqlalchemy'
=========================== short test summary info ============================
ERROR tests/test_booking_integration.py
ERROR tests/test_commission.py
ERROR tests/test_inventory_logic.py
ERROR tests/test_masterpiece_features.py
ERROR tests/test_recommendations.py
ERROR tests/test_services.py
!!!!!!!!!!!!!!!!!!! Interrupted: 6 errors during collection !!!!!!!!!!!!!!!!!!!!
============================== 6 errors in 0.19s ===============================
