============================= test session starts ==============================
platform linux -- Python 3.12.12, pytest-9.0.2, pluggy-1.6.0
rootdir: /app/hotel-booking/backend
plugins: asyncio-1.3.0, anyio-4.12.1
asyncio: mode=Mode.STRICT, debug=False, asyncio_default_fixture_loop_scope=None, asyncio_default_test_loop_scope=function
collected 1 item / 3 errors

==================================== ERRORS ====================================
___________________ ERROR collecting tests/test_services.py ____________________
tests/test_services.py:2: in <module>
    from app.services.commission import commission_service
app/services/commission.py:2: in <module>
    from app.models.hotel import Booking
app/models/__init__.py:1: in <module>
    from .base import Base
app/models/base.py:29: in <module>
    class AuditLog(Base):
app/models/base.py:37: in AuditLog
    old_value = Column(JSON)
                       ^^^^
E   NameError: name 'JSON' is not defined
_______________ ERROR collecting tests/test_ultimate_features.py _______________
ImportError while importing test module '/app/hotel-booking/backend/tests/test_ultimate_features.py'.
Hint: make sure your test modules/packages have valid Python names.
Traceback:
/home/jules/.pyenv/versions/3.12.12/lib/python3.12/importlib/__init__.py:90: in import_module
    return _bootstrap._gcd_import(name[level:], package, level)
           ^^^^^^^^^^^^^^^^^^^^^^^^^^^^^^^^^^^^^^^^^^^^^^^^^^^^
tests/test_ultimate_features.py:2: in <module>
    from app.services.currency import currency_service
app/services/currency.py:2: in <module>
    from app.core.config import settings
E   ModuleNotFoundError: No module named 'app.core.config'
________________ ERROR collecting tests/test_final_monorepo.py _________________
tests/test_final_monorepo.py:2: in <module>
    from app.services.booking import process_booking_confirmation
app/services/booking.py:3: in <module>
    from app.models.booking import Booking, BookingHold
app/models/__init__.py:1: in <module>
    from .base import Base
app/models/base.py:29: in <module>
    class AuditLog(Base):
app/models/base.py:37: in AuditLog
    old_value = Column(JSON)
                       ^^^^
E   NameError: name 'JSON' is not defined
=============================== warnings summary ===============================
app/models/base.py:6
app/models/base.py:6
  /app/hotel-booking/backend/app/models/base.py:6: MovedIn20Warning: The ``as_declarative()`` function is now available as sqlalchemy.orm.as_declarative() (deprecated since: 2.0) (Background on SQLAlchemy 2.0 at: https://sqlalche.me/e/b8d9)
    @as_declarative()

-- Docs: https://docs.pytest.org/en/stable/how-to/capture-warnings.html
=========================== short test summary info ============================
ERROR tests/test_services.py - NameError: name 'JSON' is not defined
ERROR tests/test_ultimate_features.py
ERROR tests/test_final_monorepo.py - NameError: name 'JSON' is not defined
!!!!!!!!!!!!!!!!!!! Interrupted: 3 errors during collection !!!!!!!!!!!!!!!!!!!!
======================== 2 warnings, 3 errors in 1.06s =========================
